# JRE version: OpenJDK Runtime Environment (8.0_152-b02) (build 1.8.0_152-release-1024-b02)
# Java VM: OpenJDK 64-Bit Server VM (25.152-b02 mixed mode windows-amd64 compressed oops)
Heap:
 PSYoungGen      total 194048K, used 26491K [0x00000000e0000000, 0x00000000ed400000, 0x0000000100000000)
  eden space 180736K, 7% used [0x00000000e0000000,0x00000000e0ce18a8,0x00000000eb080000)
  from space 13312K, 99% used [0x00000000ec700000,0x00000000ed3fd388,0x00000000ed400000)
  to   space 15872K, 0% used [0x00000000eb500000,0x00000000eb500000,0x00000000ec480000)
 ParOldGen       total 58880K, used 20088K [0x00000000a0000000, 0x00000000a3980000, 0x00000000e0000000)
  object space 58880K, 34% used [0x00000000a0000000,0x00000000a139e190,0x00000000a3980000)
 Metaspace       used 46100K, capacity 47004K, committed 47320K, reserved 1089536K
  class space    used 6293K, capacity 6609K, committed 6656K, reserved 1048576K
GC Heap History (10 events):
Event: 4.227 GC heap before
{Heap before GC invocations=6 (full 1):
 PSYoungGen      total 68096K, used 2528K [0x00000000e0000000, 0x00000000e9400000, 0x0000000100000000)
  eden space 65536K, 0% used [0x00000000e0000000,0x00000000e0000000,0x00000000e4000000)
  from space 2560K, 98% used [0x00000000e4000000,0x00000000e4278030,0x00000000e4280000)
  to   space 10240K, 0% used [0x00000000e8a00000,0x00000000e8a00000,0x00000000e9400000)
 ParOldGen       total 44032K, used 13708K [0x00000000a0000000, 0x00000000a2b00000, 0x00000000e0000000)
  object space 44032K, 31% used [0x00000000a0000000,0x00000000a0d63328,0x00000000a2b00000)
 Metaspace       used 20814K, capacity 21212K, committed 21248K, reserved 1067008K
  class space    used 2907K, capacity 3042K, committed 3072K, reserved 1048576K
Event: 4.305 GC heap after
Heap after GC invocations=6 (full 1):
 PSYoungGen      total 68096K, used 0K [0x00000000e0000000, 0x00000000e9400000, 0x0000000100000000)
  eden space 65536K, 0% used [0x00000000e0000000,0x00000000e0000000,0x00000000e4000000)
  from space 2560K, 0% used [0x00000000e4000000,0x00000000e4000000,0x00000000e4280000)
  to   space 10240K, 0% used [0x00000000e8a00000,0x00000000e8a00000,0x00000000e9400000)
 ParOldGen       total 39936K, used 10982K [0x00000000a0000000, 0x00000000a2700000, 0x00000000e0000000)
  object space 39936K, 27% used [0x00000000a0000000,0x00000000a0ab9a98,0x00000000a2700000)
 Metaspace       used 20814K, capacity 21212K, committed 21248K, reserved 1067008K
  class space    used 2907K, capacity 3042K, committed 3072K, reserved 1048576K
}
Event: 6.044 GC heap before
{Heap before GC invocations=7 (full 1):
 PSYoungGen      total 68096K, used 65536K [0x00000000e0000000, 0x00000000e9400000, 0x0000000100000000)
  eden space 65536K, 100% used [0x00000000e0000000,0x00000000e4000000,0x00000000e4000000)
  from space 2560K, 0% used [0x00000000e4000000,0x00000000e4000000,0x00000000e4280000)
  to   space 10240K, 0% used [0x00000000e8a00000,0x00000000e8a00000,0x00000000e9400000)
 ParOldGen       total 39936K, used 10982K [0x00000000a0000000, 0x00000000a2700000, 0x00000000e0000000)
  object space 39936K, 27% used [0x00000000a0000000,0x00000000a0ab9a98,0x00000000a2700000)
 Metaspace       used 26589K, capacity 27068K, committed 27136K, reserved 1073152K
  class space    used 3673K, capacity 3833K, committed 3840K, reserved 1048576K
Event: 6.065 GC heap after
Heap after GC invocations=7 (full 1):
 PSYoungGen      total 119808K, used 7207K [0x00000000e0000000, 0x00000000e9180000, 0x0000000100000000)
  eden space 112128K, 0% used [0x00000000e0000000,0x00000000e0000000,0x00000000e6d80000)
  from space 7680K, 93% used [0x00000000e8a00000,0x00000000e9109e40,0x00000000e9180000)
  to   space 10752K, 0% used [0x00000000e7c80000,0x00000000e7c80000,0x00000000e8700000)
 ParOldGen       total 39936K, used 10990K [0x00000000a0000000, 0x00000000a2700000, 0x00000000e0000000)
  object space 39936K, 27% used [0x00000000a0000000,0x00000000a0abba98,0x00000000a2700000)
 Metaspace       used 26589K, capacity 27068K, committed 27136K, reserved 1073152K
  class space    used 3673K, capacity 3833K, committed 3840K, reserved 1048576K
}
Event: 8.005 GC heap before
{Heap before GC invocations=8 (full 1):
 PSYoungGen      total 119808K, used 95179K [0x00000000e0000000, 0x00000000e9180000, 0x0000000100000000)
  eden space 112128K, 78% used [0x00000000e0000000,0x00000000e55e8f28,0x00000000e6d80000)
  from space 7680K, 93% used [0x00000000e8a00000,0x00000000e9109e40,0x00000000e9180000)
  to   space 10752K, 0% used [0x00000000e7c80000,0x00000000e7c80000,0x00000000e8700000)
 ParOldGen       total 39936K, used 10990K [0x00000000a0000000, 0x00000000a2700000, 0x00000000e0000000)
  object space 39936K, 27% used [0x00000000a0000000,0x00000000a0abba98,0x00000000a2700000)
 Metaspace       used 34650K, capacity 35272K, committed 35416K, reserved 1079296K
  class space    used 4784K, capacity 4976K, committed 4992K, reserved 1048576K
Event: 8.082 GC heap after
Heap after GC invocations=8 (full 1):
 PSYoungGen      total 138240K, used 10749K [0x00000000e0000000, 0x00000000ed400000, 0x0000000100000000)
  eden space 127488K, 0% used [0x00000000e0000000,0x00000000e0000000,0x00000000e7c80000)
  from space 10752K, 99% used [0x00000000e7c80000,0x00000000e86ff440,0x00000000e8700000)
  to   space 13312K, 0% used [0x00000000ec700000,0x00000000ec700000,0x00000000ed400000)
 ParOldGen       total 39936K, used 12849K [0x00000000a0000000, 0x00000000a2700000, 0x00000000e0000000)
  object space 39936K, 32% used [0x00000000a0000000,0x00000000a0c8c470,0x00000000a2700000)
 Metaspace       used 34650K, capacity 35272K, committed 35416K, reserved 1079296K
  class space    used 4784K, capacity 4976K, committed 4992K, reserved 1048576K
}
Event: 8.082 GC heap before
{Heap before GC invocations=9 (full 2):
 PSYoungGen      total 138240K, used 10749K [0x00000000e0000000, 0x00000000ed400000, 0x0000000100000000)
  eden space 127488K, 0% used [0x00000000e0000000,0x00000000e0000000,0x00000000e7c80000)
  from space 10752K, 99% used [0x00000000e7c80000,0x00000000e86ff440,0x00000000e8700000)
  to   space 13312K, 0% used [0x00000000ec700000,0x00000000ec700000,0x00000000ed400000)
 ParOldGen       total 39936K, used 12849K [0x00000000a0000000, 0x00000000a2700000, 0x00000000e0000000)
  object space 39936K, 32% used [0x00000000a0000000,0x00000000a0c8c470,0x00000000a2700000)
 Metaspace       used 34650K, capacity 35272K, committed 35416K, reserved 1079296K
  class space    used 4784K, capacity 4976K, committed 4992K, reserved 1048576K
Event: 8.389 GC heap after
Heap after GC invocations=9 (full 2):
 PSYoungGen      total 138240K, used 0K [0x00000000e0000000, 0x00000000ed400000, 0x0000000100000000)
  eden space 127488K, 0% used [0x00000000e0000000,0x00000000e0000000,0x00000000e7c80000)
  from space 10752K, 0% used [0x00000000e7c80000,0x00000000e7c80000,0x00000000e8700000)
  to   space 13312K, 0% used [0x00000000ec700000,0x00000000ec700000,0x00000000ed400000)
 ParOldGen       total 58880K, used 19423K [0x00000000a0000000, 0x00000000a3980000, 0x00000000e0000000)
  object space 58880K, 32% used [0x00000000a0000000,0x00000000a12f7cd8,0x00000000a3980000)
 Metaspace       used 34650K, capacity 35272K, committed 35416K, reserved 1079296K
  class space    used 4784K, capacity 4976K, committed 4992K, reserved 1048576K
}
Event: 13.573 GC heap before
{Heap before GC invocations=10 (full 2):
 PSYoungGen      total 138240K, used 127488K [0x00000000e0000000, 0x00000000ed400000, 0x0000000100000000)
  eden space 127488K, 100% used [0x00000000e0000000,0x00000000e7c80000,0x00000000e7c80000)
  from space 10752K, 0% used [0x00000000e7c80000,0x00000000e7c80000,0x00000000e8700000)
  to   space 13312K, 0% used [0x00000000ec700000,0x00000000ec700000,0x00000000ed400000)
 ParOldGen       total 58880K, used 19423K [0x00000000a0000000, 0x00000000a3980000, 0x00000000e0000000)
  object space 58880K, 32% used [0x00000000a0000000,0x00000000a12f7cd8,0x00000000a3980000)
 Metaspace       used 42858K, capacity 43732K, committed 43864K, reserved 1087488K
  class space    used 5916K, capacity 6185K, committed 6272K, reserved 1048576K
Event: 13.609 GC heap after
Heap after GC invocations=10 (full 2):
 PSYoungGen      total 194048K, used 13300K [0x00000000e0000000, 0x00000000ed400000, 0x0000000100000000)
  eden space 180736K, 0% used [0x00000000e0000000,0x00000000e0000000,0x00000000eb080000)
  from space 13312K, 99% used [0x00000000ec700000,0x00000000ed3fd388,0x00000000ed400000)
  to   space 15872K, 0% used [0x00000000eb500000,0x00000000eb500000,0x00000000ec480000)
 ParOldGen       total 58880K, used 20088K [0x00000000a0000000, 0x00000000a3980000, 0x00000000e0000000)
  object space 58880K, 34% used [0x00000000a0000000,0x00000000a139e190,0x00000000a3980000)
 Metaspace       used 42858K, capacity 43732K, committed 43864K, reserved 1087488K
  class space    used 5916K, capacity 6185K, committed 6272K, reserved 1048576K
}

