# JRE version: OpenJDK Runtime Environment (8.0_152-b02) (build 1.8.0_152-release-1024-b02)
# Java VM: OpenJDK 64-Bit Server VM (25.152-b02 mixed mode windows-amd64 compressed oops)
Heap:
 PSYoungGen      total 195072K, used 22402K [0x00000000e0000000, 0x00000000edb00000, 0x0000000100000000)
  eden space 174592K, 12% used [0x00000000e0000000,0x00000000e15e0990,0x00000000eaa80000)
  from space 20480K, 0% used [0x00000000ec180000,0x00000000ec180000,0x00000000ed580000)
  to   space 23552K, 0% used [0x00000000eaa80000,0x00000000eaa80000,0x00000000ec180000)
 ParOldGen       total 95232K, used 33968K [0x00000000a0000000, 0x00000000a5d00000, 0x00000000e0000000)
  object space 95232K, 35% used [0x00000000a0000000,0x00000000a212c038,0x00000000a5d00000)
 Metaspace       used 58449K, capacity 60132K, committed 60376K, reserved 1101824K
  class space    used 7929K, capacity 8329K, committed 8448K, reserved 1048576K
GC Heap History (10 events):
Event: 6.219 GC heap before
{Heap before GC invocations=9 (full 2):
 PSYoungGen      total 138240K, used 10734K [0x00000000e0000000, 0x00000000ea700000, 0x0000000100000000)
  eden space 127488K, 0% used [0x00000000e0000000,0x00000000e0000000,0x00000000e7c80000)
  from space 10752K, 99% used [0x00000000e7c80000,0x00000000e86fb858,0x00000000e8700000)
  to   space 13312K, 0% used [0x00000000e9a00000,0x00000000e9a00000,0x00000000ea700000)
 ParOldGen       total 46080K, used 15172K [0x00000000a0000000, 0x00000000a2d00000, 0x00000000e0000000)
  object space 46080K, 32% used [0x00000000a0000000,0x00000000a0ed11a0,0x00000000a2d00000)
 Metaspace       used 34687K, capacity 35272K, committed 35416K, reserved 1079296K
  class space    used 4784K, capacity 4976K, committed 4992K, reserved 1048576K
Event: 6.358 GC heap after
Heap after GC invocations=9 (full 2):
 PSYoungGen      total 138240K, used 0K [0x00000000e0000000, 0x00000000ea700000, 0x0000000100000000)
  eden space 127488K, 0% used [0x00000000e0000000,0x00000000e0000000,0x00000000e7c80000)
  from space 10752K, 0% used [0x00000000e7c80000,0x00000000e7c80000,0x00000000e8700000)
  to   space 13312K, 0% used [0x00000000e9a00000,0x00000000e9a00000,0x00000000ea700000)
 ParOldGen       total 65536K, used 19120K [0x00000000a0000000, 0x00000000a4000000, 0x00000000e0000000)
  object space 65536K, 29% used [0x00000000a0000000,0x00000000a12ac3c8,0x00000000a4000000)
 Metaspace       used 34687K, capacity 35272K, committed 35416K, reserved 1079296K
  class space    used 4784K, capacity 4976K, committed 4992K, reserved 1048576K
}
Event: 8.549 GC heap before
{Heap before GC invocations=10 (full 2):
 PSYoungGen      total 138240K, used 127488K [0x00000000e0000000, 0x00000000ea700000, 0x0000000100000000)
  eden space 127488K, 100% used [0x00000000e0000000,0x00000000e7c80000,0x00000000e7c80000)
  from space 10752K, 0% used [0x00000000e7c80000,0x00000000e7c80000,0x00000000e8700000)
  to   space 13312K, 0% used [0x00000000e9a00000,0x00000000e9a00000,0x00000000ea700000)
 ParOldGen       total 65536K, used 19120K [0x00000000a0000000, 0x00000000a4000000, 0x00000000e0000000)
  object space 65536K, 29% used [0x00000000a0000000,0x00000000a12ac3c8,0x00000000a4000000)
 Metaspace       used 42925K, capacity 43808K, committed 44120K, reserved 1087488K
  class space    used 5914K, capacity 6211K, committed 6272K, reserved 1048576K
Event: 8.584 GC heap after
Heap after GC invocations=10 (full 2):
 PSYoungGen      total 155136K, used 13289K [0x00000000e0000000, 0x00000000ecf80000, 0x0000000100000000)
  eden space 141824K, 0% used [0x00000000e0000000,0x00000000e0000000,0x00000000e8a80000)
  from space 13312K, 99% used [0x00000000e9a00000,0x00000000ea6fa4a0,0x00000000ea700000)
  to   space 15872K, 0% used [0x00000000e8a80000,0x00000000e8a80000,0x00000000e9a00000)
 ParOldGen       total 65536K, used 19815K [0x00000000a0000000, 0x00000000a4000000, 0x00000000e0000000)
  object space 65536K, 30% used [0x00000000a0000000,0x00000000a1359f20,0x00000000a4000000)
 Metaspace       used 42925K, capacity 43808K, committed 44120K, reserved 1087488K
  class space    used 5914K, capacity 6211K, committed 6272K, reserved 1048576K
}
Event: 11.571 GC heap before
{Heap before GC invocations=11 (full 2):
 PSYoungGen      total 155136K, used 155113K [0x00000000e0000000, 0x00000000ecf80000, 0x0000000100000000)
  eden space 141824K, 100% used [0x00000000e0000000,0x00000000e8a80000,0x00000000e8a80000)
  from space 13312K, 99% used [0x00000000e9a00000,0x00000000ea6fa4a0,0x00000000ea700000)
  to   space 15872K, 0% used [0x00000000e8a80000,0x00000000e8a80000,0x00000000e9a00000)
 ParOldGen       total 65536K, used 19815K [0x00000000a0000000, 0x00000000a4000000, 0x00000000e0000000)
  object space 65536K, 30% used [0x00000000a0000000,0x00000000a1359f20,0x00000000a4000000)
 Metaspace       used 53152K, capacity 54650K, committed 54744K, reserved 1095680K
  class space    used 7267K, capacity 7638K, committed 7680K, reserved 1048576K
Event: 11.649 GC heap after
Heap after GC invocations=11 (full 2):
 PSYoungGen      total 157696K, used 15852K [0x00000000e0000000, 0x00000000ed580000, 0x0000000100000000)
  eden space 141824K, 0% used [0x00000000e0000000,0x00000000e0000000,0x00000000e8a80000)
  from space 15872K, 99% used [0x00000000e8a80000,0x00000000e99fb3d8,0x00000000e9a00000)
  to   space 20480K, 0% used [0x00000000ec180000,0x00000000ec180000,0x00000000ed580000)
 ParOldGen       total 65536K, used 24539K [0x00000000a0000000, 0x00000000a4000000, 0x00000000e0000000)
  object space 65536K, 37% used [0x00000000a0000000,0x00000000a17f6fb0,0x00000000a4000000)
 Metaspace       used 53152K, capacity 54650K, committed 54744K, reserved 1095680K
  class space    used 7267K, capacity 7638K, committed 7680K, reserved 1048576K
}
Event: 14.028 GC heap before
{Heap before GC invocations=12 (full 2):
 PSYoungGen      total 157696K, used 80731K [0x00000000e0000000, 0x00000000ed580000, 0x0000000100000000)
  eden space 141824K, 45% used [0x00000000e0000000,0x00000000e3f5b950,0x00000000e8a80000)
  from space 15872K, 99% used [0x00000000e8a80000,0x00000000e99fb3d8,0x00000000e9a00000)
  to   space 20480K, 0% used [0x00000000ec180000,0x00000000ec180000,0x00000000ed580000)
 ParOldGen       total 65536K, used 24539K [0x00000000a0000000, 0x00000000a4000000, 0x00000000e0000000)
  object space 65536K, 37% used [0x00000000a0000000,0x00000000a17f6fb0,0x00000000a4000000)
 Metaspace       used 57176K, capacity 58820K, committed 58968K, reserved 1099776K
  class space    used 7816K, capacity 8233K, committed 8320K, reserved 1048576K
Event: 14.083 GC heap after
Heap after GC invocations=12 (full 2):
 PSYoungGen      total 195072K, used 20469K [0x00000000e0000000, 0x00000000edb00000, 0x0000000100000000)
  eden space 174592K, 0% used [0x00000000e0000000,0x00000000e0000000,0x00000000eaa80000)
  from space 20480K, 99% used [0x00000000ec180000,0x00000000ed57d790,0x00000000ed580000)
  to   space 23552K, 0% used [0x00000000eaa80000,0x00000000eaa80000,0x00000000ec180000)
 ParOldGen       total 65536K, used 25012K [0x00000000a0000000, 0x00000000a4000000, 0x00000000e0000000)
  object space 65536K, 38% used [0x00000000a0000000,0x00000000a186d1b0,0x00000000a4000000)
 Metaspace       used 57176K, capacity 58820K, committed 58968K, reserved 1099776K
  class space    used 7816K, capacity 8233K, committed 8320K, reserved 1048576K
}
Event: 14.083 GC heap before
{Heap before GC invocations=13 (full 3):
 PSYoungGen      total 195072K, used 20469K [0x00000000e0000000, 0x00000000edb00000, 0x0000000100000000)
  eden space 174592K, 0% used [0x00000000e0000000,0x00000000e0000000,0x00000000eaa80000)
  from space 20480K, 99% used [0x00000000ec180000,0x00000000ed57d790,0x00000000ed580000)
  to   space 23552K, 0% used [0x00000000eaa80000,0x00000000eaa80000,0x00000000ec180000)
 ParOldGen       total 65536K, used 25012K [0x00000000a0000000, 0x00000000a4000000, 0x00000000e0000000)
  object space 65536K, 38% used [0x00000000a0000000,0x00000000a186d1b0,0x00000000a4000000)
 Metaspace       used 57176K, capacity 58820K, committed 58968K, reserved 1099776K
  class space    used 7816K, capacity 8233K, committed 8320K, reserved 1048576K
Event: 14.438 GC heap after
Heap after GC invocations=13 (full 3):
 PSYoungGen      total 195072K, used 0K [0x00000000e0000000, 0x00000000edb00000, 0x0000000100000000)
  eden space 174592K, 0% used [0x00000000e0000000,0x00000000e0000000,0x00000000eaa80000)
  from space 20480K, 0% used [0x00000000ec180000,0x00000000ec180000,0x00000000ed580000)
  to   space 23552K, 0% used [0x00000000eaa80000,0x00000000eaa80000,0x00000000ec180000)
 ParOldGen       total 95232K, used 33968K [0x00000000a0000000, 0x00000000a5d00000, 0x00000000e0000000)
  object space 95232K, 35% used [0x00000000a0000000,0x00000000a212c038,0x00000000a5d00000)
 Metaspace       used 57176K, capacity 58820K, committed 58968K, reserved 1099776K
  class space    used 7816K, capacity 8233K, committed 8320K, reserved 1048576K
}

