# JRE version: OpenJDK Runtime Environment (8.0_152-b02) (build 1.8.0_152-release-1024-b02)
# Java VM: OpenJDK 64-Bit Server VM (25.152-b02 mixed mode windows-amd64 compressed oops)
Heap:
 PSYoungGen      total 445440K, used 249282K [0x00000000e0000000, 0x00000000fcc80000, 0x0000000100000000)
  eden space 423424K, 57% used [0x00000000e0000000,0x00000000eecd0bb8,0x00000000f9d80000)
  from space 22016K, 30% used [0x00000000fb700000,0x00000000fbda0030,0x00000000fcc80000)
  to   space 24064K, 0% used [0x00000000f9d80000,0x00000000f9d80000,0x00000000fb500000)
 ParOldGen       total 104960K, used 79752K [0x00000000a0000000, 0x00000000a6680000, 0x00000000e0000000)
  object space 104960K, 75% used [0x00000000a0000000,0x00000000a4de2168,0x00000000a6680000)
 Metaspace       used 64381K, capacity 66638K, committed 66904K, reserved 1107968K
  class space    used 8533K, capacity 8998K, committed 9088K, reserved 1048576K
GC Heap History (10 events):
Event: 23.595 GC heap before
{Heap before GC invocations=15 (full 3):
 PSYoungGen      total 219136K, used 208266K [0x00000000e0000000, 0x00000000f2980000, 0x0000000100000000)
  eden space 190976K, 100% used [0x00000000e0000000,0x00000000eba80000,0x00000000eba80000)
  from space 28160K, 61% used [0x00000000eba80000,0x00000000ecb62b48,0x00000000ed600000)
  to   space 28672K, 0% used [0x00000000f0d80000,0x00000000f0d80000,0x00000000f2980000)
 ParOldGen       total 104960K, used 44089K [0x00000000a0000000, 0x00000000a6680000, 0x00000000e0000000)
  object space 104960K, 42% used [0x00000000a0000000,0x00000000a2b0e478,0x00000000a6680000)
 Metaspace       used 63361K, capacity 65558K, committed 65752K, reserved 1105920K
  class space    used 8458K, capacity 8908K, committed 8960K, reserved 1048576K
Event: 23.804 GC heap after
Heap after GC invocations=15 (full 3):
 PSYoungGen      total 275968K, used 2606K [0x00000000e0000000, 0x00000000f3480000, 0x0000000100000000)
  eden space 247296K, 0% used [0x00000000e0000000,0x00000000e0000000,0x00000000ef180000)
  from space 28672K, 9% used [0x00000000f0d80000,0x00000000f100b808,0x00000000f2980000)
  to   space 28672K, 0% used [0x00000000ef180000,0x00000000ef180000,0x00000000f0d80000)
 ParOldGen       total 104960K, used 56017K [0x00000000a0000000, 0x00000000a6680000, 0x00000000e0000000)
  object space 104960K, 53% used [0x00000000a0000000,0x00000000a36b4420,0x00000000a6680000)
 Metaspace       used 63361K, capacity 65558K, committed 65752K, reserved 1105920K
  class space    used 8458K, capacity 8908K, committed 8960K, reserved 1048576K
}
Event: 25.998 GC heap before
{Heap before GC invocations=16 (full 3):
 PSYoungGen      total 275968K, used 249902K [0x00000000e0000000, 0x00000000f3480000, 0x0000000100000000)
  eden space 247296K, 100% used [0x00000000e0000000,0x00000000ef180000,0x00000000ef180000)
  from space 28672K, 9% used [0x00000000f0d80000,0x00000000f100b808,0x00000000f2980000)
  to   space 28672K, 0% used [0x00000000ef180000,0x00000000ef180000,0x00000000f0d80000)
 ParOldGen       total 104960K, used 56017K [0x00000000a0000000, 0x00000000a6680000, 0x00000000e0000000)
  object space 104960K, 53% used [0x00000000a0000000,0x00000000a36b4420,0x00000000a6680000)
 Metaspace       used 63411K, capacity 65574K, committed 65752K, reserved 1105920K
  class space    used 8458K, capacity 8908K, committed 8960K, reserved 1048576K
Event: 26.041 GC heap after
Heap after GC invocations=16 (full 3):
 PSYoungGen      total 275968K, used 6640K [0x00000000e0000000, 0x00000000f7680000, 0x0000000100000000)
  eden space 247296K, 0% used [0x00000000e0000000,0x00000000e0000000,0x00000000ef180000)
  from space 28672K, 23% used [0x00000000ef180000,0x00000000ef7fc010,0x00000000f0d80000)
  to   space 27648K, 0% used [0x00000000f5b80000,0x00000000f5b80000,0x00000000f7680000)
 ParOldGen       total 104960K, used 58376K [0x00000000a0000000, 0x00000000a6680000, 0x00000000e0000000)
  object space 104960K, 55% used [0x00000000a0000000,0x00000000a3902290,0x00000000a6680000)
 Metaspace       used 63411K, capacity 65574K, committed 65752K, reserved 1105920K
  class space    used 8458K, capacity 8908K, committed 8960K, reserved 1048576K
}
Event: 28.427 GC heap before
{Heap before GC invocations=17 (full 3):
 PSYoungGen      total 275968K, used 253936K [0x00000000e0000000, 0x00000000f7680000, 0x0000000100000000)
  eden space 247296K, 100% used [0x00000000e0000000,0x00000000ef180000,0x00000000ef180000)
  from space 28672K, 23% used [0x00000000ef180000,0x00000000ef7fc010,0x00000000f0d80000)
  to   space 27648K, 0% used [0x00000000f5b80000,0x00000000f5b80000,0x00000000f7680000)
 ParOldGen       total 104960K, used 58376K [0x00000000a0000000, 0x00000000a6680000, 0x00000000e0000000)
  object space 104960K, 55% used [0x00000000a0000000,0x00000000a3902290,0x00000000a6680000)
 Metaspace       used 63553K, capacity 65718K, committed 66008K, reserved 1105920K
  class space    used 8458K, capacity 8908K, committed 8960K, reserved 1048576K
Event: 28.501 GC heap after
Heap after GC invocations=17 (full 3):
 PSYoungGen      total 345600K, used 10030K [0x00000000e0000000, 0x00000000f7000000, 0x0000000100000000)
  eden space 324608K, 0% used [0x00000000e0000000,0x00000000e0000000,0x00000000f3d00000)
  from space 20992K, 47% used [0x00000000f5b80000,0x00000000f654ba50,0x00000000f7000000)
  to   space 26112K, 0% used [0x00000000f3d00000,0x00000000f3d00000,0x00000000f5680000)
 ParOldGen       total 104960K, used 63862K [0x00000000a0000000, 0x00000000a6680000, 0x00000000e0000000)
  object space 104960K, 60% used [0x00000000a0000000,0x00000000a3e5db10,0x00000000a6680000)
 Metaspace       used 63553K, capacity 65718K, committed 66008K, reserved 1105920K
  class space    used 8458K, capacity 8908K, committed 8960K, reserved 1048576K
}
Event: 31.175 GC heap before
{Heap before GC invocations=18 (full 3):
 PSYoungGen      total 345600K, used 334638K [0x00000000e0000000, 0x00000000f7000000, 0x0000000100000000)
  eden space 324608K, 100% used [0x00000000e0000000,0x00000000f3d00000,0x00000000f3d00000)
  from space 20992K, 47% used [0x00000000f5b80000,0x00000000f654ba50,0x00000000f7000000)
  to   space 26112K, 0% used [0x00000000f3d00000,0x00000000f3d00000,0x00000000f5680000)
 ParOldGen       total 104960K, used 63862K [0x00000000a0000000, 0x00000000a6680000, 0x00000000e0000000)
  object space 104960K, 60% used [0x00000000a0000000,0x00000000a3e5db10,0x00000000a6680000)
 Metaspace       used 63605K, capacity 65786K, committed 66008K, reserved 1105920K
  class space    used 8459K, capacity 8908K, committed 8960K, reserved 1048576K
Event: 31.282 GC heap after
Heap after GC invocations=18 (full 3):
 PSYoungGen      total 350720K, used 7511K [0x00000000e0000000, 0x00000000fcf80000, 0x0000000100000000)
  eden space 324608K, 0% used [0x00000000e0000000,0x00000000e0000000,0x00000000f3d00000)
  from space 26112K, 28% used [0x00000000f3d00000,0x00000000f4455cf0,0x00000000f5680000)
  to   space 25088K, 0% used [0x00000000fb700000,0x00000000fb700000,0x00000000fcf80000)
 ParOldGen       total 104960K, used 72723K [0x00000000a0000000, 0x00000000a6680000, 0x00000000e0000000)
  object space 104960K, 69% used [0x00000000a0000000,0x00000000a4704d80,0x00000000a6680000)
 Metaspace       used 63605K, capacity 65786K, committed 66008K, reserved 1105920K
  class space    used 8459K, capacity 8908K, committed 8960K, reserved 1048576K
}
Event: 33.701 GC heap before
{Heap before GC invocations=19 (full 3):
 PSYoungGen      total 350720K, used 332119K [0x00000000e0000000, 0x00000000fcf80000, 0x0000000100000000)
  eden space 324608K, 100% used [0x00000000e0000000,0x00000000f3d00000,0x00000000f3d00000)
  from space 26112K, 28% used [0x00000000f3d00000,0x00000000f4455cf0,0x00000000f5680000)
  to   space 25088K, 0% used [0x00000000fb700000,0x00000000fb700000,0x00000000fcf80000)
 ParOldGen       total 104960K, used 72723K [0x00000000a0000000, 0x00000000a6680000, 0x00000000e0000000)
  object space 104960K, 69% used [0x00000000a0000000,0x00000000a4704d80,0x00000000a6680000)
 Metaspace       used 63635K, capacity 65790K, committed 66008K, reserved 1105920K
  class space    used 8462K, capacity 8908K, committed 8960K, reserved 1048576K
Event: 33.799 GC heap after
Heap after GC invocations=19 (full 3):
 PSYoungGen      total 445440K, used 6784K [0x00000000e0000000, 0x00000000fcc80000, 0x0000000100000000)
  eden space 423424K, 0% used [0x00000000e0000000,0x00000000e0000000,0x00000000f9d80000)
  from space 22016K, 30% used [0x00000000fb700000,0x00000000fbda0030,0x00000000fcc80000)
  to   space 24064K, 0% used [0x00000000f9d80000,0x00000000f9d80000,0x00000000fb500000)
 ParOldGen       total 104960K, used 79752K [0x00000000a0000000, 0x00000000a6680000, 0x00000000e0000000)
  object space 104960K, 75% used [0x00000000a0000000,0x00000000a4de2168,0x00000000a6680000)
 Metaspace       used 63635K, capacity 65790K, committed 66008K, reserved 1105920K
  class space    used 8462K, capacity 8908K, committed 8960K, reserved 1048576K
}

