# JRE version: OpenJDK Runtime Environment (8.0_152-b02) (build 1.8.0_152-release-1024-b02)
# Java VM: OpenJDK 64-Bit Server VM (25.152-b02 mixed mode windows-amd64 compressed oops)
Heap:
 PSYoungGen      total 283136K, used 43852K [0x00000000e0000000, 0x00000000f6680000, 0x0000000100000000)
  eden space 263680K, 16% used [0x00000000e0000000,0x00000000e2ad3168,0x00000000f0180000)
  from space 19456K, 0% used [0x00000000f5380000,0x00000000f5380000,0x00000000f6680000)
  to   space 31232K, 0% used [0x00000000f2980000,0x00000000f2980000,0x00000000f4800000)
 ParOldGen       total 148480K, used 68769K [0x00000000a0000000, 0x00000000a9100000, 0x00000000e0000000)
  object space 148480K, 46% used [0x00000000a0000000,0x00000000a4328558,0x00000000a9100000)
 Metaspace       used 98228K, capacity 103795K, committed 104152K, reserved 1138688K
  class space    used 12618K, capacity 13939K, committed 14080K, reserved 1048576K
GC Heap History (10 events):
Event: 1465.058 GC heap before
{Heap before GC invocations=18 (full 3):
 PSYoungGen      total 331776K, used 311431K [0x00000000e0000000, 0x00000000f6c80000, 0x0000000100000000)
  eden space 300544K, 100% used [0x00000000e0000000,0x00000000f2580000,0x00000000f2580000)
  from space 31232K, 34% used [0x00000000f4280000,0x00000000f4d21f60,0x00000000f6100000)
  to   space 29696K, 0% used [0x00000000f2580000,0x00000000f2580000,0x00000000f4280000)
 ParOldGen       total 100864K, used 69731K [0x00000000a0000000, 0x00000000a6280000, 0x00000000e0000000)
  object space 100864K, 69% used [0x00000000a0000000,0x00000000a4418da8,0x00000000a6280000)
 Metaspace       used 85135K, capacity 89699K, committed 89944K, reserved 1126400K
  class space    used 11044K, capacity 12111K, committed 12160K, reserved 1048576K
Event: 1465.101 GC heap after
Heap after GC invocations=18 (full 3):
 PSYoungGen      total 330240K, used 12594K [0x00000000e0000000, 0x00000000f8180000, 0x0000000100000000)
  eden space 300544K, 0% used [0x00000000e0000000,0x00000000e0000000,0x00000000f2580000)
  from space 29696K, 42% used [0x00000000f2580000,0x00000000f31ccb20,0x00000000f4280000)
  to   space 28160K, 0% used [0x00000000f6600000,0x00000000f6600000,0x00000000f8180000)
 ParOldGen       total 100864K, used 69739K [0x00000000a0000000, 0x00000000a6280000, 0x00000000e0000000)
  object space 100864K, 69% used [0x00000000a0000000,0x00000000a441ada8,0x00000000a6280000)
 Metaspace       used 85135K, capacity 89699K, committed 89944K, reserved 1126400K
  class space    used 11044K, capacity 12111K, committed 12160K, reserved 1048576K
}
Event: 1745.661 GC heap before
{Heap before GC invocations=19 (full 3):
 PSYoungGen      total 330240K, used 313138K [0x00000000e0000000, 0x00000000f8180000, 0x0000000100000000)
  eden space 300544K, 100% used [0x00000000e0000000,0x00000000f2580000,0x00000000f2580000)
  from space 29696K, 42% used [0x00000000f2580000,0x00000000f31ccb20,0x00000000f4280000)
  to   space 28160K, 0% used [0x00000000f6600000,0x00000000f6600000,0x00000000f8180000)
 ParOldGen       total 100864K, used 69739K [0x00000000a0000000, 0x00000000a6280000, 0x00000000e0000000)
  object space 100864K, 69% used [0x00000000a0000000,0x00000000a441ada8,0x00000000a6280000)
 Metaspace       used 85956K, capacity 90949K, committed 91224K, reserved 1128448K
  class space    used 11140K, capacity 12332K, committed 12416K, reserved 1048576K
Event: 1745.853 GC heap after
Heap after GC invocations=19 (full 3):
 PSYoungGen      total 299008K, used 11220K [0x00000000e0000000, 0x00000000f7100000, 0x0000000100000000)
  eden space 287744K, 0% used [0x00000000e0000000,0x00000000e0000000,0x00000000f1900000)
  from space 11264K, 99% used [0x00000000f6600000,0x00000000f70f5080,0x00000000f7100000)
  to   space 26624K, 0% used [0x00000000f3d00000,0x00000000f3d00000,0x00000000f5700000)
 ParOldGen       total 100864K, used 69747K [0x00000000a0000000, 0x00000000a6280000, 0x00000000e0000000)
  object space 100864K, 69% used [0x00000000a0000000,0x00000000a441cda8,0x00000000a6280000)
 Metaspace       used 85956K, capacity 90949K, committed 91224K, reserved 1128448K
  class space    used 11140K, capacity 12332K, committed 12416K, reserved 1048576K
}
Event: 1798.973 GC heap before
{Heap before GC invocations=20 (full 3):
 PSYoungGen      total 299008K, used 298964K [0x00000000e0000000, 0x00000000f7100000, 0x0000000100000000)
  eden space 287744K, 100% used [0x00000000e0000000,0x00000000f1900000,0x00000000f1900000)
  from space 11264K, 99% used [0x00000000f6600000,0x00000000f70f5080,0x00000000f7100000)
  to   space 26624K, 0% used [0x00000000f3d00000,0x00000000f3d00000,0x00000000f5700000)
 ParOldGen       total 100864K, used 69747K [0x00000000a0000000, 0x00000000a6280000, 0x00000000e0000000)
  object space 100864K, 69% used [0x00000000a0000000,0x00000000a441cda8,0x00000000a6280000)
 Metaspace       used 86411K, capacity 91669K, committed 91864K, reserved 1128448K
  class space    used 11176K, capacity 12418K, committed 12544K, reserved 1048576K
Event: 1799.077 GC heap after
Heap after GC invocations=20 (full 3):
 PSYoungGen      total 298496K, used 22818K [0x00000000e0000000, 0x00000000f6680000, 0x0000000100000000)
  eden space 275456K, 0% used [0x00000000e0000000,0x00000000e0000000,0x00000000f0d00000)
  from space 23040K, 99% used [0x00000000f3d00000,0x00000000f5348880,0x00000000f5380000)
  to   space 19456K, 0% used [0x00000000f5380000,0x00000000f5380000,0x00000000f6680000)
 ParOldGen       total 100864K, used 69747K [0x00000000a0000000, 0x00000000a6280000, 0x00000000e0000000)
  object space 100864K, 69% used [0x00000000a0000000,0x00000000a441cda8,0x00000000a6280000)
 Metaspace       used 86411K, capacity 91669K, committed 91864K, reserved 1128448K
  class space    used 11176K, capacity 12418K, committed 12544K, reserved 1048576K
}
Event: 1821.281 GC heap before
{Heap before GC invocations=21 (full 3):
 PSYoungGen      total 298496K, used 180058K [0x00000000e0000000, 0x00000000f6680000, 0x0000000100000000)
  eden space 275456K, 57% used [0x00000000e0000000,0x00000000e998e328,0x00000000f0d00000)
  from space 23040K, 99% used [0x00000000f3d00000,0x00000000f5348880,0x00000000f5380000)
  to   space 19456K, 0% used [0x00000000f5380000,0x00000000f5380000,0x00000000f6680000)
 ParOldGen       total 100864K, used 69747K [0x00000000a0000000, 0x00000000a6280000, 0x00000000e0000000)
  object space 100864K, 69% used [0x00000000a0000000,0x00000000a441cda8,0x00000000a6280000)
 Metaspace       used 92884K, capacity 98229K, committed 98380K, reserved 1134592K
  class space    used 11929K, capacity 13222K, committed 13312K, reserved 1048576K
Event: 1821.349 GC heap after
Heap after GC invocations=21 (full 3):
 PSYoungGen      total 283136K, used 19438K [0x00000000e0000000, 0x00000000f6680000, 0x0000000100000000)
  eden space 263680K, 0% used [0x00000000e0000000,0x00000000e0000000,0x00000000f0180000)
  from space 19456K, 99% used [0x00000000f5380000,0x00000000f667bb30,0x00000000f6680000)
  to   space 31232K, 0% used [0x00000000f2980000,0x00000000f2980000,0x00000000f4800000)
 ParOldGen       total 100864K, used 73384K [0x00000000a0000000, 0x00000000a6280000, 0x00000000e0000000)
  object space 100864K, 72% used [0x00000000a0000000,0x00000000a47aa068,0x00000000a6280000)
 Metaspace       used 92884K, capacity 98229K, committed 98380K, reserved 1134592K
  class space    used 11929K, capacity 13222K, committed 13312K, reserved 1048576K
}
Event: 1821.349 GC heap before
{Heap before GC invocations=22 (full 4):
 PSYoungGen      total 283136K, used 19438K [0x00000000e0000000, 0x00000000f6680000, 0x0000000100000000)
  eden space 263680K, 0% used [0x00000000e0000000,0x00000000e0000000,0x00000000f0180000)
  from space 19456K, 99% used [0x00000000f5380000,0x00000000f667bb30,0x00000000f6680000)
  to   space 31232K, 0% used [0x00000000f2980000,0x00000000f2980000,0x00000000f4800000)
 ParOldGen       total 100864K, used 73384K [0x00000000a0000000, 0x00000000a6280000, 0x00000000e0000000)
  object space 100864K, 72% used [0x00000000a0000000,0x00000000a47aa068,0x00000000a6280000)
 Metaspace       used 92884K, capacity 98229K, committed 98380K, reserved 1134592K
  class space    used 11929K, capacity 13222K, committed 13312K, reserved 1048576K
Event: 1822.016 GC heap after
Heap after GC invocations=22 (full 4):
 PSYoungGen      total 283136K, used 0K [0x00000000e0000000, 0x00000000f6680000, 0x0000000100000000)
  eden space 263680K, 0% used [0x00000000e0000000,0x00000000e0000000,0x00000000f0180000)
  from space 19456K, 0% used [0x00000000f5380000,0x00000000f5380000,0x00000000f6680000)
  to   space 31232K, 0% used [0x00000000f2980000,0x00000000f2980000,0x00000000f4800000)
 ParOldGen       total 148480K, used 68769K [0x00000000a0000000, 0x00000000a9100000, 0x00000000e0000000)
  object space 148480K, 46% used [0x00000000a0000000,0x00000000a4328558,0x00000000a9100000)
 Metaspace       used 92697K, capacity 97835K, committed 98380K, reserved 1134592K
  class space    used 11886K, capacity 13155K, committed 13312K, reserved 1048576K
}

