# JRE version: OpenJDK Runtime Environment (8.0_152-b02) (build 1.8.0_152-release-1024-b02)
# Java VM: OpenJDK 64-Bit Server VM (25.152-b02 mixed mode windows-amd64 compressed oops)
Heap:
 PSYoungGen      total 255488K, used 150014K [0x00000000e0000000, 0x00000000f2680000, 0x0000000100000000)
  eden space 247296K, 57% used [0x00000000e0000000,0x00000000e8afe890,0x00000000ef180000)
  from space 8192K, 93% used [0x00000000f1e80000,0x00000000f2600fb0,0x00000000f2680000)
  to   space 16896K, 0% used [0x00000000f0580000,0x00000000f0580000,0x00000000f1600000)
 ParOldGen       total 94720K, used 44866K [0x00000000a0000000, 0x00000000a5c80000, 0x00000000e0000000)
  object space 94720K, 47% used [0x00000000a0000000,0x00000000a2bd0b40,0x00000000a5c80000)
 Metaspace       used 66299K, capacity 69086K, committed 69208K, reserved 1110016K
  class space    used 8805K, capacity 9545K, committed 9600K, reserved 1048576K
GC Heap History (10 events):
Event: 12.076 GC heap before
{Heap before GC invocations=13 (full 2):
 PSYoungGen      total 159232K, used 148480K [0x00000000e0000000, 0x00000000ec100000, 0x0000000100000000)
  eden space 148480K, 100% used [0x00000000e0000000,0x00000000e9100000,0x00000000e9100000)
  from space 10752K, 0% used [0x00000000e9c00000,0x00000000e9c00000,0x00000000ea680000)
  to   space 11264K, 0% used [0x00000000e9100000,0x00000000e9100000,0x00000000e9c00000)
 ParOldGen       total 51712K, used 17085K [0x00000000a0000000, 0x00000000a3280000, 0x00000000e0000000)
  object space 51712K, 33% used [0x00000000a0000000,0x00000000a10af420,0x00000000a3280000)
 Metaspace       used 47925K, capacity 49144K, committed 49368K, reserved 1091584K
  class space    used 6485K, capacity 6874K, committed 6912K, reserved 1048576K
Event: 12.123 GC heap after
Heap after GC invocations=13 (full 2):
 PSYoungGen      total 159744K, used 11248K [0x00000000e0000000, 0x00000000ee300000, 0x0000000100000000)
  eden space 148480K, 0% used [0x00000000e0000000,0x00000000e0000000,0x00000000e9100000)
  from space 11264K, 99% used [0x00000000e9100000,0x00000000e9bfc2c8,0x00000000e9c00000)
  to   space 14848K, 0% used [0x00000000ed480000,0x00000000ed480000,0x00000000ee300000)
 ParOldGen       total 51712K, used 22746K [0x00000000a0000000, 0x00000000a3280000, 0x00000000e0000000)
  object space 51712K, 43% used [0x00000000a0000000,0x00000000a1636b70,0x00000000a3280000)
 Metaspace       used 47925K, capacity 49144K, committed 49368K, reserved 1091584K
  class space    used 6485K, capacity 6874K, committed 6912K, reserved 1048576K
}
Event: 14.939 GC heap before
{Heap before GC invocations=14 (full 2):
 PSYoungGen      total 159744K, used 159728K [0x00000000e0000000, 0x00000000ee300000, 0x0000000100000000)
  eden space 148480K, 100% used [0x00000000e0000000,0x00000000e9100000,0x00000000e9100000)
  from space 11264K, 99% used [0x00000000e9100000,0x00000000e9bfc2c8,0x00000000e9c00000)
  to   space 14848K, 0% used [0x00000000ed480000,0x00000000ed480000,0x00000000ee300000)
 ParOldGen       total 51712K, used 22746K [0x00000000a0000000, 0x00000000a3280000, 0x00000000e0000000)
  object space 51712K, 43% used [0x00000000a0000000,0x00000000a1636b70,0x00000000a3280000)
 Metaspace       used 54908K, capacity 56774K, committed 56920K, reserved 1097728K
  class space    used 7500K, capacity 7969K, committed 8064K, reserved 1048576K
Event: 15.010 GC heap after
Heap after GC invocations=14 (full 2):
 PSYoungGen      total 216064K, used 13757K [0x00000000e0000000, 0x00000000ee480000, 0x0000000100000000)
  eden space 201216K, 0% used [0x00000000e0000000,0x00000000e0000000,0x00000000ec480000)
  from space 14848K, 92% used [0x00000000ed480000,0x00000000ee1ef7f8,0x00000000ee300000)
  to   space 16384K, 0% used [0x00000000ec480000,0x00000000ec480000,0x00000000ed480000)
 ParOldGen       total 51712K, used 31885K [0x00000000a0000000, 0x00000000a3280000, 0x00000000e0000000)
  object space 51712K, 61% used [0x00000000a0000000,0x00000000a1f23530,0x00000000a3280000)
 Metaspace       used 54908K, capacity 56774K, committed 56920K, reserved 1097728K
  class space    used 7500K, capacity 7969K, committed 8064K, reserved 1048576K
}
Event: 17.413 GC heap before
{Heap before GC invocations=15 (full 2):
 PSYoungGen      total 216064K, used 138376K [0x00000000e0000000, 0x00000000ee480000, 0x0000000100000000)
  eden space 201216K, 61% used [0x00000000e0000000,0x00000000e79b2b00,0x00000000ec480000)
  from space 14848K, 92% used [0x00000000ed480000,0x00000000ee1ef7f8,0x00000000ee300000)
  to   space 16384K, 0% used [0x00000000ec480000,0x00000000ec480000,0x00000000ed480000)
 ParOldGen       total 51712K, used 31885K [0x00000000a0000000, 0x00000000a3280000, 0x00000000e0000000)
  object space 51712K, 61% used [0x00000000a0000000,0x00000000a1f23530,0x00000000a3280000)
 Metaspace       used 57047K, capacity 58948K, committed 58968K, reserved 1099776K
  class space    used 7766K, capacity 8301K, committed 8320K, reserved 1048576K
Event: 17.532 GC heap after
Heap after GC invocations=15 (full 2):
 PSYoungGen      total 217600K, used 13095K [0x00000000e0000000, 0x00000000f3000000, 0x0000000100000000)
  eden space 201216K, 0% used [0x00000000e0000000,0x00000000e0000000,0x00000000ec480000)
  from space 16384K, 79% used [0x00000000ec480000,0x00000000ed149d58,0x00000000ed480000)
  to   space 17920K, 0% used [0x00000000f1e80000,0x00000000f1e80000,0x00000000f3000000)
 ParOldGen       total 51712K, used 39755K [0x00000000a0000000, 0x00000000a3280000, 0x00000000e0000000)
  object space 51712K, 76% used [0x00000000a0000000,0x00000000a26d2f68,0x00000000a3280000)
 Metaspace       used 57047K, capacity 58948K, committed 58968K, reserved 1099776K
  class space    used 7766K, capacity 8301K, committed 8320K, reserved 1048576K
}
Event: 17.532 GC heap before
{Heap before GC invocations=16 (full 3):
 PSYoungGen      total 217600K, used 13095K [0x00000000e0000000, 0x00000000f3000000, 0x0000000100000000)
  eden space 201216K, 0% used [0x00000000e0000000,0x00000000e0000000,0x00000000ec480000)
  from space 16384K, 79% used [0x00000000ec480000,0x00000000ed149d58,0x00000000ed480000)
  to   space 17920K, 0% used [0x00000000f1e80000,0x00000000f1e80000,0x00000000f3000000)
 ParOldGen       total 51712K, used 39755K [0x00000000a0000000, 0x00000000a3280000, 0x00000000e0000000)
  object space 51712K, 76% used [0x00000000a0000000,0x00000000a26d2f68,0x00000000a3280000)
 Metaspace       used 57047K, capacity 58948K, committed 58968K, reserved 1099776K
  class space    used 7766K, capacity 8301K, committed 8320K, reserved 1048576K
Event: 18.312 GC heap after
Heap after GC invocations=16 (full 3):
 PSYoungGen      total 217600K, used 0K [0x00000000e0000000, 0x00000000f3000000, 0x0000000100000000)
  eden space 201216K, 0% used [0x00000000e0000000,0x00000000e0000000,0x00000000ec480000)
  from space 16384K, 0% used [0x00000000ec480000,0x00000000ec480000,0x00000000ed480000)
  to   space 17920K, 0% used [0x00000000f1e80000,0x00000000f1e80000,0x00000000f3000000)
 ParOldGen       total 94720K, used 44858K [0x00000000a0000000, 0x00000000a5c80000, 0x00000000e0000000)
  object space 94720K, 47% used [0x00000000a0000000,0x00000000a2bceb40,0x00000000a5c80000)
 Metaspace       used 57047K, capacity 58948K, committed 58968K, reserved 1099776K
  class space    used 7766K, capacity 8301K, committed 8320K, reserved 1048576K
}
Event: 767.669 GC heap before
{Heap before GC invocations=17 (full 3):
 PSYoungGen      total 217600K, used 201216K [0x00000000e0000000, 0x00000000f3000000, 0x0000000100000000)
  eden space 201216K, 100% used [0x00000000e0000000,0x00000000ec480000,0x00000000ec480000)
  from space 16384K, 0% used [0x00000000ec480000,0x00000000ec480000,0x00000000ed480000)
  to   space 17920K, 0% used [0x00000000f1e80000,0x00000000f1e80000,0x00000000f3000000)
 ParOldGen       total 94720K, used 44858K [0x00000000a0000000, 0x00000000a5c80000, 0x00000000e0000000)
  object space 94720K, 47% used [0x00000000a0000000,0x00000000a2bceb40,0x00000000a5c80000)
 Metaspace       used 61673K, capacity 64240K, committed 64472K, reserved 1105920K
  class space    used 8225K, capacity 8906K, committed 8960K, reserved 1048576K
Event: 767.692 GC heap after
Heap after GC invocations=17 (full 3):
 PSYoungGen      total 255488K, used 7683K [0x00000000e0000000, 0x00000000f2680000, 0x0000000100000000)
  eden space 247296K, 0% used [0x00000000e0000000,0x00000000e0000000,0x00000000ef180000)
  from space 8192K, 93% used [0x00000000f1e80000,0x00000000f2600fb0,0x00000000f2680000)
  to   space 16896K, 0% used [0x00000000f0580000,0x00000000f0580000,0x00000000f1600000)
 ParOldGen       total 94720K, used 44866K [0x00000000a0000000, 0x00000000a5c80000, 0x00000000e0000000)
  object space 94720K, 47% used [0x00000000a0000000,0x00000000a2bd0b40,0x00000000a5c80000)
 Metaspace       used 61673K, capacity 64240K, committed 64472K, reserved 1105920K
  class space    used 8225K, capacity 8906K, committed 8960K, reserved 1048576K
}

