# JRE version: OpenJDK Runtime Environment (8.0_152-b02) (build 1.8.0_152-release-1024-b02)
# Java VM: OpenJDK 64-Bit Server VM (25.152-b02 mixed mode windows-amd64 compressed oops)
Heap:
 PSYoungGen      total 177664K, used 104170K [0x00000000e0000000, 0x00000000ec680000, 0x0000000100000000)
  eden space 162304K, 54% used [0x00000000e0000000,0x00000000e56c2420,0x00000000e9e80000)
  from space 15360K, 99% used [0x00000000eb180000,0x00000000ec0784e0,0x00000000ec080000)
  to   space 19456K, 0% used [0x00000000e9e80000,0x00000000e9e80000,0x00000000eb180000)
 ParOldGen       total 62464K, used 23276K [0x00000000a0000000, 0x00000000a3d00000, 0x00000000e0000000)
  object space 62464K, 37% used [0x00000000a0000000,0x00000000a16bb1e0,0x00000000a3d00000)
 Metaspace       used 56426K, capacity 58132K, committed 58200K, reserved 1099776K
  class space    used 7607K, capacity 8045K, committed 8064K, reserved 1048576K
GC Heap History (10 events):
Event: 6.878 GC heap before
{Heap before GC invocations=8 (full 1):
 PSYoungGen      total 103424K, used 102914K [0x00000000e0000000, 0x00000000e9200000, 0x0000000100000000)
  eden space 95232K, 100% used [0x00000000e0000000,0x00000000e5d00000,0x00000000e5d00000)
  from space 8192K, 93% used [0x00000000e8a00000,0x00000000e9180b48,0x00000000e9200000)
  to   space 10752K, 0% used [0x00000000e7d00000,0x00000000e7d00000,0x00000000e8780000)
 ParOldGen       total 44032K, used 11009K [0x00000000a0000000, 0x00000000a2b00000, 0x00000000e0000000)
  object space 44032K, 25% used [0x00000000a0000000,0x00000000a0ac0758,0x00000000a2b00000)
 Metaspace       used 30961K, capacity 31526K, committed 31616K, reserved 1077248K
  class space    used 4211K, capacity 4422K, committed 4480K, reserved 1048576K
Event: 6.904 GC heap after
Heap after GC invocations=8 (full 1):
 PSYoungGen      total 138752K, used 9243K [0x00000000e0000000, 0x00000000e9a00000, 0x0000000100000000)
  eden space 128000K, 0% used [0x00000000e0000000,0x00000000e0000000,0x00000000e7d00000)
  from space 10752K, 85% used [0x00000000e7d00000,0x00000000e8606db0,0x00000000e8780000)
  to   space 11776K, 0% used [0x00000000e8e80000,0x00000000e8e80000,0x00000000e9a00000)
 ParOldGen       total 44032K, used 11089K [0x00000000a0000000, 0x00000000a2b00000, 0x00000000e0000000)
  object space 44032K, 25% used [0x00000000a0000000,0x00000000a0ad4768,0x00000000a2b00000)
 Metaspace       used 30961K, capacity 31526K, committed 31616K, reserved 1077248K
  class space    used 4211K, capacity 4422K, committed 4480K, reserved 1048576K
}
Event: 8.697 GC heap before
{Heap before GC invocations=9 (full 1):
 PSYoungGen      total 138752K, used 62340K [0x00000000e0000000, 0x00000000e9a00000, 0x0000000100000000)
  eden space 128000K, 41% used [0x00000000e0000000,0x00000000e33da548,0x00000000e7d00000)
  from space 10752K, 85% used [0x00000000e7d00000,0x00000000e8606db0,0x00000000e8780000)
  to   space 11776K, 0% used [0x00000000e8e80000,0x00000000e8e80000,0x00000000e9a00000)
 ParOldGen       total 44032K, used 11089K [0x00000000a0000000, 0x00000000a2b00000, 0x00000000e0000000)
  object space 44032K, 25% used [0x00000000a0000000,0x00000000a0ad4768,0x00000000a2b00000)
 Metaspace       used 34645K, capacity 35260K, committed 35416K, reserved 1079296K
  class space    used 4714K, capacity 4928K, committed 4992K, reserved 1048576K
Event: 8.746 GC heap after
Heap after GC invocations=9 (full 1):
 PSYoungGen      total 144896K, used 9854K [0x00000000e0000000, 0x00000000eca00000, 0x0000000100000000)
  eden space 133120K, 0% used [0x00000000e0000000,0x00000000e0000000,0x00000000e8200000)
  from space 11776K, 83% used [0x00000000e8e80000,0x00000000e981fba8,0x00000000e9a00000)
  to   space 12800K, 0% used [0x00000000e8200000,0x00000000e8200000,0x00000000e8e80000)
 ParOldGen       total 44032K, used 11097K [0x00000000a0000000, 0x00000000a2b00000, 0x00000000e0000000)
  object space 44032K, 25% used [0x00000000a0000000,0x00000000a0ad6768,0x00000000a2b00000)
 Metaspace       used 34645K, capacity 35260K, committed 35416K, reserved 1079296K
  class space    used 4714K, capacity 4928K, committed 4992K, reserved 1048576K
}
Event: 8.746 GC heap before
{Heap before GC invocations=10 (full 2):
 PSYoungGen      total 144896K, used 9854K [0x00000000e0000000, 0x00000000eca00000, 0x0000000100000000)
  eden space 133120K, 0% used [0x00000000e0000000,0x00000000e0000000,0x00000000e8200000)
  from space 11776K, 83% used [0x00000000e8e80000,0x00000000e981fba8,0x00000000e9a00000)
  to   space 12800K, 0% used [0x00000000e8200000,0x00000000e8200000,0x00000000e8e80000)
 ParOldGen       total 44032K, used 11097K [0x00000000a0000000, 0x00000000a2b00000, 0x00000000e0000000)
  object space 44032K, 25% used [0x00000000a0000000,0x00000000a0ad6768,0x00000000a2b00000)
 Metaspace       used 34645K, capacity 35260K, committed 35416K, reserved 1079296K
  class space    used 4714K, capacity 4928K, committed 4992K, reserved 1048576K
Event: 8.883 GC heap after
Heap after GC invocations=10 (full 2):
 PSYoungGen      total 144896K, used 0K [0x00000000e0000000, 0x00000000eca00000, 0x0000000100000000)
  eden space 133120K, 0% used [0x00000000e0000000,0x00000000e0000000,0x00000000e8200000)
  from space 11776K, 0% used [0x00000000e8e80000,0x00000000e8e80000,0x00000000e9a00000)
  to   space 12800K, 0% used [0x00000000e8200000,0x00000000e8200000,0x00000000e8e80000)
 ParOldGen       total 62464K, used 16605K [0x00000000a0000000, 0x00000000a3d00000, 0x00000000e0000000)
  object space 62464K, 26% used [0x00000000a0000000,0x00000000a1037738,0x00000000a3d00000)
 Metaspace       used 34645K, capacity 35260K, committed 35416K, reserved 1079296K
  class space    used 4714K, capacity 4928K, committed 4992K, reserved 1048576K
}
Event: 11.883 GC heap before
{Heap before GC invocations=11 (full 2):
 PSYoungGen      total 144896K, used 133120K [0x00000000e0000000, 0x00000000eca00000, 0x0000000100000000)
  eden space 133120K, 100% used [0x00000000e0000000,0x00000000e8200000,0x00000000e8200000)
  from space 11776K, 0% used [0x00000000e8e80000,0x00000000e8e80000,0x00000000e9a00000)
  to   space 12800K, 0% used [0x00000000e8200000,0x00000000e8200000,0x00000000e8e80000)
 ParOldGen       total 62464K, used 16605K [0x00000000a0000000, 0x00000000a3d00000, 0x00000000e0000000)
  object space 62464K, 26% used [0x00000000a0000000,0x00000000a1037738,0x00000000a3d00000)
 Metaspace       used 44281K, capacity 45228K, committed 45400K, reserved 1089536K
  class space    used 5953K, capacity 6271K, committed 6272K, reserved 1048576K
Event: 11.916 GC heap after
Heap after GC invocations=11 (full 2):
 PSYoungGen      total 145920K, used 12795K [0x00000000e0000000, 0x00000000ec080000, 0x0000000100000000)
  eden space 133120K, 0% used [0x00000000e0000000,0x00000000e0000000,0x00000000e8200000)
  from space 12800K, 99% used [0x00000000e8200000,0x00000000e8e7ec58,0x00000000e8e80000)
  to   space 15360K, 0% used [0x00000000eb180000,0x00000000eb180000,0x00000000ec080000)
 ParOldGen       total 62464K, used 18665K [0x00000000a0000000, 0x00000000a3d00000, 0x00000000e0000000)
  object space 62464K, 29% used [0x00000000a0000000,0x00000000a123a628,0x00000000a3d00000)
 Metaspace       used 44281K, capacity 45228K, committed 45400K, reserved 1089536K
  class space    used 5953K, capacity 6271K, committed 6272K, reserved 1048576K
}
Event: 15.863 GC heap before
{Heap before GC invocations=12 (full 2):
 PSYoungGen      total 145920K, used 145915K [0x00000000e0000000, 0x00000000ec080000, 0x0000000100000000)
  eden space 133120K, 100% used [0x00000000e0000000,0x00000000e8200000,0x00000000e8200000)
  from space 12800K, 99% used [0x00000000e8200000,0x00000000e8e7ec58,0x00000000e8e80000)
  to   space 15360K, 0% used [0x00000000eb180000,0x00000000eb180000,0x00000000ec080000)
 ParOldGen       total 62464K, used 18665K [0x00000000a0000000, 0x00000000a3d00000, 0x00000000e0000000)
  object space 62464K, 29% used [0x00000000a0000000,0x00000000a123a628,0x00000000a3d00000)
 Metaspace       used 53102K, capacity 54732K, committed 55000K, reserved 1097728K
  class space    used 7192K, capacity 7609K, committed 7680K, reserved 1048576K
Event: 15.911 GC heap after
Heap after GC invocations=12 (full 2):
 PSYoungGen      total 177664K, used 15329K [0x00000000e0000000, 0x00000000ec680000, 0x0000000100000000)
  eden space 162304K, 0% used [0x00000000e0000000,0x00000000e0000000,0x00000000e9e80000)
  from space 15360K, 99% used [0x00000000eb180000,0x00000000ec0784e0,0x00000000ec080000)
  to   space 19456K, 0% used [0x00000000e9e80000,0x00000000e9e80000,0x00000000eb180000)
 ParOldGen       total 62464K, used 23276K [0x00000000a0000000, 0x00000000a3d00000, 0x00000000e0000000)
  object space 62464K, 37% used [0x00000000a0000000,0x00000000a16bb1e0,0x00000000a3d00000)
 Metaspace       used 53102K, capacity 54732K, committed 55000K, reserved 1097728K
  class space    used 7192K, capacity 7609K, committed 7680K, reserved 1048576K
}

