# JRE version: OpenJDK Runtime Environment (8.0_152-b02) (build 1.8.0_152-release-1024-b02)
# Java VM: OpenJDK 64-Bit Server VM (25.152-b02 mixed mode windows-amd64 compressed oops)
Heap:
 PSYoungGen      total 229376K, used 214591K [0x00000000e0000000, 0x00000000f3f80000, 0x0000000100000000)
  eden space 207872K, 94% used [0x00000000e0000000,0x00000000ebf3b718,0x00000000ecb00000)
  from space 21504K, 87% used [0x00000000ecb00000,0x00000000edd54550,0x00000000ee000000)
  to   space 24064K, 0% used [0x00000000f2800000,0x00000000f2800000,0x00000000f3f80000)
 ParOldGen       total 82944K, used 31512K [0x00000000a0000000, 0x00000000a5100000, 0x00000000e0000000)
  object space 82944K, 37% used [0x00000000a0000000,0x00000000a1ec6310,0x00000000a5100000)
 Metaspace       used 74093K, capacity 76078K, committed 76376K, reserved 1116160K
  class space    used 9543K, capacity 10016K, committed 10112K, reserved 1048576K
GC Heap History (10 events):
Event: 195.884 GC heap before
{Heap before GC invocations=12 (full 2):
 PSYoungGen      total 158720K, used 150720K [0x00000000e0000000, 0x00000000ec580000, 0x0000000100000000)
  eden space 145920K, 100% used [0x00000000e0000000,0x00000000e8e80000,0x00000000e8e80000)
  from space 12800K, 37% used [0x00000000e8e80000,0x00000000e9330030,0x00000000e9b00000)
  to   space 12288K, 0% used [0x00000000eb980000,0x00000000eb980000,0x00000000ec580000)
 ParOldGen       total 60416K, used 17743K [0x00000000a0000000, 0x00000000a3b00000, 0x00000000e0000000)
  object space 60416K, 29% used [0x00000000a0000000,0x00000000a1153dd0,0x00000000a3b00000)
 Metaspace       used 45535K, capacity 46272K, committed 46680K, reserved 1089536K
  class space    used 5972K, capacity 6201K, committed 6272K, reserved 1048576K
Event: 195.920 GC heap after
Heap after GC invocations=12 (full 2):
 PSYoungGen      total 187392K, used 12277K [0x00000000e0000000, 0x00000000ec700000, 0x0000000100000000)
  eden space 175104K, 0% used [0x00000000e0000000,0x00000000e0000000,0x00000000eab00000)
  from space 12288K, 99% used [0x00000000eb980000,0x00000000ec57d798,0x00000000ec580000)
  to   space 14336K, 0% used [0x00000000eab00000,0x00000000eab00000,0x00000000eb900000)
 ParOldGen       total 60416K, used 18057K [0x00000000a0000000, 0x00000000a3b00000, 0x00000000e0000000)
  object space 60416K, 29% used [0x00000000a0000000,0x00000000a11a25a8,0x00000000a3b00000)
 Metaspace       used 45535K, capacity 46272K, committed 46680K, reserved 1089536K
  class space    used 5972K, capacity 6201K, committed 6272K, reserved 1048576K
}
Event: 200.465 GC heap before
{Heap before GC invocations=13 (full 2):
 PSYoungGen      total 187392K, used 187381K [0x00000000e0000000, 0x00000000ec700000, 0x0000000100000000)
  eden space 175104K, 100% used [0x00000000e0000000,0x00000000eab00000,0x00000000eab00000)
  from space 12288K, 99% used [0x00000000eb980000,0x00000000ec57d798,0x00000000ec580000)
  to   space 14336K, 0% used [0x00000000eab00000,0x00000000eab00000,0x00000000eb900000)
 ParOldGen       total 60416K, used 18057K [0x00000000a0000000, 0x00000000a3b00000, 0x00000000e0000000)
  object space 60416K, 29% used [0x00000000a0000000,0x00000000a11a25a8,0x00000000a3b00000)
 Metaspace       used 55304K, capacity 56510K, committed 56792K, reserved 1097728K
  class space    used 7281K, capacity 7609K, committed 7680K, reserved 1048576K
Event: 200.515 GC heap after
Heap after GC invocations=13 (full 2):
 PSYoungGen      total 189440K, used 14305K [0x00000000e0000000, 0x00000000ef300000, 0x0000000100000000)
  eden space 175104K, 0% used [0x00000000e0000000,0x00000000e0000000,0x00000000eab00000)
  from space 14336K, 99% used [0x00000000eab00000,0x00000000eb8f85e0,0x00000000eb900000)
  to   space 19456K, 0% used [0x00000000ee000000,0x00000000ee000000,0x00000000ef300000)
 ParOldGen       total 60416K, used 25733K [0x00000000a0000000, 0x00000000a3b00000, 0x00000000e0000000)
  object space 60416K, 42% used [0x00000000a0000000,0x00000000a19216c0,0x00000000a3b00000)
 Metaspace       used 55304K, capacity 56510K, committed 56792K, reserved 1097728K
  class space    used 7281K, capacity 7609K, committed 7680K, reserved 1048576K
}
Event: 201.148 GC heap before
{Heap before GC invocations=14 (full 2):
 PSYoungGen      total 189440K, used 41033K [0x00000000e0000000, 0x00000000ef300000, 0x0000000100000000)
  eden space 175104K, 15% used [0x00000000e0000000,0x00000000e1a1a1b0,0x00000000eab00000)
  from space 14336K, 99% used [0x00000000eab00000,0x00000000eb8f85e0,0x00000000eb900000)
  to   space 19456K, 0% used [0x00000000ee000000,0x00000000ee000000,0x00000000ef300000)
 ParOldGen       total 60416K, used 25733K [0x00000000a0000000, 0x00000000a3b00000, 0x00000000e0000000)
  object space 60416K, 42% used [0x00000000a0000000,0x00000000a19216c0,0x00000000a3b00000)
 Metaspace       used 57382K, capacity 58952K, committed 59028K, reserved 1099776K
  class space    used 7625K, capacity 8038K, committed 8064K, reserved 1048576K
Event: 201.201 GC heap after
Heap after GC invocations=14 (full 2):
 PSYoungGen      total 227328K, used 16859K [0x00000000e0000000, 0x00000000f0d00000, 0x0000000100000000)
  eden space 207872K, 0% used [0x00000000e0000000,0x00000000e0000000,0x00000000ecb00000)
  from space 19456K, 86% used [0x00000000ee000000,0x00000000ef076cc8,0x00000000ef300000)
  to   space 21504K, 0% used [0x00000000ecb00000,0x00000000ecb00000,0x00000000ee000000)
 ParOldGen       total 60416K, used 25741K [0x00000000a0000000, 0x00000000a3b00000, 0x00000000e0000000)
  object space 60416K, 42% used [0x00000000a0000000,0x00000000a19236c0,0x00000000a3b00000)
 Metaspace       used 57382K, capacity 58952K, committed 59028K, reserved 1099776K
  class space    used 7625K, capacity 8038K, committed 8064K, reserved 1048576K
}
Event: 201.201 GC heap before
{Heap before GC invocations=15 (full 3):
 PSYoungGen      total 227328K, used 16859K [0x00000000e0000000, 0x00000000f0d00000, 0x0000000100000000)
  eden space 207872K, 0% used [0x00000000e0000000,0x00000000e0000000,0x00000000ecb00000)
  from space 19456K, 86% used [0x00000000ee000000,0x00000000ef076cc8,0x00000000ef300000)
  to   space 21504K, 0% used [0x00000000ecb00000,0x00000000ecb00000,0x00000000ee000000)
 ParOldGen       total 60416K, used 25741K [0x00000000a0000000, 0x00000000a3b00000, 0x00000000e0000000)
  object space 60416K, 42% used [0x00000000a0000000,0x00000000a19236c0,0x00000000a3b00000)
 Metaspace       used 57382K, capacity 58952K, committed 59028K, reserved 1099776K
  class space    used 7625K, capacity 8038K, committed 8064K, reserved 1048576K
Event: 201.495 GC heap after
Heap after GC invocations=15 (full 3):
 PSYoungGen      total 227328K, used 0K [0x00000000e0000000, 0x00000000f0d00000, 0x0000000100000000)
  eden space 207872K, 0% used [0x00000000e0000000,0x00000000e0000000,0x00000000ecb00000)
  from space 19456K, 0% used [0x00000000ee000000,0x00000000ee000000,0x00000000ef300000)
  to   space 21504K, 0% used [0x00000000ecb00000,0x00000000ecb00000,0x00000000ee000000)
 ParOldGen       total 82944K, used 31504K [0x00000000a0000000, 0x00000000a5100000, 0x00000000e0000000)
  object space 82944K, 37% used [0x00000000a0000000,0x00000000a1ec4310,0x00000000a5100000)
 Metaspace       used 57344K, capacity 58846K, committed 59028K, reserved 1099776K
  class space    used 7613K, capacity 8024K, committed 8064K, reserved 1048576K
}
Event: 220.311 GC heap before
{Heap before GC invocations=16 (full 3):
 PSYoungGen      total 227328K, used 207872K [0x00000000e0000000, 0x00000000f0d00000, 0x0000000100000000)
  eden space 207872K, 100% used [0x00000000e0000000,0x00000000ecb00000,0x00000000ecb00000)
  from space 19456K, 0% used [0x00000000ee000000,0x00000000ee000000,0x00000000ef300000)
  to   space 21504K, 0% used [0x00000000ecb00000,0x00000000ecb00000,0x00000000ee000000)
 ParOldGen       total 82944K, used 31504K [0x00000000a0000000, 0x00000000a5100000, 0x00000000e0000000)
  object space 82944K, 37% used [0x00000000a0000000,0x00000000a1ec4310,0x00000000a5100000)
 Metaspace       used 64308K, capacity 66140K, committed 66264K, reserved 1105920K
  class space    used 8422K, capacity 8885K, committed 8960K, reserved 1048576K
Event: 220.367 GC heap after
Heap after GC invocations=16 (full 3):
 PSYoungGen      total 229376K, used 18769K [0x00000000e0000000, 0x00000000f3f80000, 0x0000000100000000)
  eden space 207872K, 0% used [0x00000000e0000000,0x00000000e0000000,0x00000000ecb00000)
  from space 21504K, 87% used [0x00000000ecb00000,0x00000000edd54550,0x00000000ee000000)
  to   space 24064K, 0% used [0x00000000f2800000,0x00000000f2800000,0x00000000f3f80000)
 ParOldGen       total 82944K, used 31512K [0x00000000a0000000, 0x00000000a5100000, 0x00000000e0000000)
  object space 82944K, 37% used [0x00000000a0000000,0x00000000a1ec6310,0x00000000a5100000)
 Metaspace       used 64308K, capacity 66140K, committed 66264K, reserved 1105920K
  class space    used 8422K, capacity 8885K, committed 8960K, reserved 1048576K
}

